2023-03-13 15:52:49 DEBUG BaseTest:21 - Uruchomiono przeglądarkę Chrome
2023-03-13 15:52:49 INFO  TitleTest:23 - Testing title of page: https://sii.pl/
2023-03-13 15:53:02 INFO  TitleTest:31 - Title of page: https://sii.pl/ is Rozwiązania i usługi IT, inżynierii i BPO - Sii Polska
2023-03-13 15:53:02 DEBUG BaseTest:26 - Zamknięto przeglądarkę Chrome
2023-03-13 15:53:02 DEBUG BaseTest:21 - Uruchomiono przeglądarkę Chrome
2023-03-13 15:53:02 INFO  TitleTest:23 - Testing title of page: https://www.onet.pl
2023-03-13 15:53:06 INFO  TitleTest:31 - Title of page: https://www.onet.pl is Onet – Jesteś na bieżąco
2023-03-13 15:53:06 DEBUG BaseTest:26 - Zamknięto przeglądarkę Chrome
2023-03-13 15:53:07 DEBUG BaseTest:21 - Uruchomiono przeglądarkę Chrome
2023-03-13 15:53:07 INFO  TitleTest:23 - Testing title of page: http://kotuszkowo.pl
2023-03-13 15:53:11 INFO  TitleTest:31 - Title of page: http://kotuszkowo.pl is Kotuszkowo- blog o kotach
2023-03-13 15:53:11 DEBUG BaseTest:26 - Zamknięto przeglądarkę Chrome
2023-03-13 15:53:12 DEBUG BaseTest:21 - Uruchomiono przeglądarkę Chrome
2023-03-13 15:53:12 INFO  TitleTest:23 - Testing title of page: https://www.filmweb.pl
2023-03-13 15:53:14 INFO  TitleTest:31 - Title of page: https://www.filmweb.pl is Filmweb - filmy takie jak Ty!
2023-03-13 15:53:14 DEBUG BaseTest:26 - Zamknięto przeglądarkę Chrome
2023-03-13 15:53:15 DEBUG BaseTest:21 - Uruchomiono przeglądarkę Chrome
2023-03-13 15:53:15 INFO  TitleTest:23 - Testing title of page: https://www.selenium.dev/documentation/en/webdriver
2023-03-13 15:53:17 INFO  TitleTest:31 - Title of page: https://www.selenium.dev/documentation/en/webdriver is WebDriver | Selenium
2023-03-13 15:53:17 DEBUG BaseTest:26 - Zamknięto przeglądarkę Chrome
